#
# There is insufficient memory for the Java Runtime Environment to continue.
# Native memory allocation (mmap) failed to map 134217728 bytes for Failed to commit area from 0x0000000081e00000 to 0x0000000089e00000 of length 134217728.
# Possible reasons:
#   The system is out of physical RAM or swap space
#   The process is running with CompressedOops enabled, and the Java Heap may be blocking the growth of the native heap
# Possible solutions:
#   Reduce memory load on the system
#   Increase physical memory or swap space
#   Check if swap backing store is full
#   Decrease Java heap size (-Xmx/-Xms)
#   Decrease number of Java threads
#   Decrease Java thread stack sizes (-Xss)
#   Set larger code cache with -XX:ReservedCodeCacheSize=
# This output file may be truncated or incomplete.
#
#  Out of Memory Error (./src/hotspot/os/windows/os_windows.cpp:3619), pid=1296, tid=10424
#
# JRE version:  (11.0.13+7) (build )
# Java VM: OpenJDK 64-Bit Server VM (11.0.13+7-b1751.25, mixed mode, sharing, tiered, compressed oops, g1 gc, windows-amd64)
# No core dump will be written. Minidumps are not enabled by default on client versions of Windows
#

---------------  S U M M A R Y ------------

Command Line: git4idea.http.GitAskPassApp Username for 'https://github.com': 

Host: Intel(R) Core(TM) i7-3632QM CPU @ 2.20GHz, 8 cores, 7G,  Windows 10 , 64 bit Build 17763 (10.0.17763.2452)
Time: Sun Feb 20 17:54:31 2022 RTZ 2 (ceia) elapsed time: 0.019365 seconds (0d 0h 0m 0s)

---------------  T H R E A D  ---------------

Current thread (0x0000023659e1c000):  JavaThread "Unknown thread" [_thread_in_vm, id=10424, stack(0x00000037a5b00000,0x00000037a5c00000)]

Stack: [0x00000037a5b00000,0x00000037a5c00000]
Native frames: (J=compiled Java code, j=interpreted, Vv=VM code, C=native code)
V  [jvm.dll+0x613daa]
V  [jvm.dll+0x799b30]
V  [jvm.dll+0x79b14d]
V  [jvm.dll+0x79b823]
V  [jvm.dll+0x24c958]
V  [jvm.dll+0x610e24]
V  [jvm.dll+0x605b25]
V  [jvm.dll+0x30aaab]
V  [jvm.dll+0x30aa1a]
V  [jvm.dll+0x30a8f2]
V  [jvm.dll+0x30f856]
V  [jvm.dll+0x359143]
V  [jvm.dll+0x359846]
V  [jvm.dll+0x359243]
V  [jvm.dll+0x2e57a8]
V  [jvm.dll+0x2e6947]
V  [jvm.dll+0x776d47]
V  [jvm.dll+0x77853c]
V  [jvm.dll+0x3666c9]
V  [jvm.dll+0x75a9ce]
V  [jvm.dll+0x3d47d3]
V  [jvm.dll+0x3d6d21]
C  [jli.dll+0x536b]
C  [ucrtbase.dll+0x2268a]
C  [KERNEL32.DLL+0x17974]
C  [ntdll.dll+0x5a2f1]


---------------  P R O C E S S  ---------------

Threads class SMR info:
_java_thread_list=0x0000023659d469b0, length=0, elements={
}

Java Threads: ( => current thread )

Other Threads:
  0x000002365bf8e800 GCTaskThread "GC Thread#0" [stack: 0x00000037a5c00000,0x00000037a5d00000] [id=5312]
  0x000002365bfbf000 ConcurrentGCThread "G1 Main Marker" [stack: 0x00000037a5d00000,0x00000037a5e00000] [id=5328]
  0x000002365bfc1000 ConcurrentGCThread "G1 Conc#0" [stack: 0x00000037a5e00000,0x00000037a5f00000] [id=6072]

[error occurred during error reporting (printing all threads), id 0xc0000005, EXCEPTION_ACCESS_VIOLATION (0xc0000005) at pc=0x00007ff876075c97]

VM state:not at safepoint (not fully initialized)

VM Mutex/Monitor currently owned by a thread:  ([mutex/lock_event])
[0x000002365bf75500] Heap_lock - owner thread: 0x0000023659e1c000

Heap address: 0x0000000081e00000, size: 2018 MB, Compressed Oops mode: Non-zero based: 0x0000000081e00000
Narrow klass base: 0x0000000000000000, Narrow klass shift: 0

GC Heap History (0 events):
No events

Deoptimization events (0 events):
No events

Classes redefined (0 events):
No events

Internal exceptions (0 events):
No events

Events (1 events):
Event: 0.011 Loaded shared library C:\Program Files\JetBrains\PyCharm 2021.3.2\jbr\bin\zip.dll


Dynamic libraries:
0x00007ff7f81d0000 - 0x00007ff7f81da000 	C:\Program Files\JetBrains\PyCharm 2021.3.2\jbr\bin\java.exe
0x00007ff8cf930000 - 0x00007ff8cfb1d000 	C:\Windows\SYSTEM32\ntdll.dll
0x00007ff8b1b00000 - 0x00007ff8b1b16000 	C:\Program Files\Avast Software\Avast\aswhook.dll
0x00007ff8cd710000 - 0x00007ff8cd7c4000 	C:\Windows\System32\KERNEL32.DLL
0x00007ff8cc810000 - 0x00007ff8ccaa4000 	C:\Windows\System32\KERNELBASE.dll
0x00007ff8cbec0000 - 0x00007ff8cbfba000 	C:\Windows\System32\ucrtbase.dll
0x00007ff8b8460000 - 0x00007ff8b8479000 	C:\Program Files\JetBrains\PyCharm 2021.3.2\jbr\bin\jli.dll
0x00007ff8b8430000 - 0x00007ff8b8447000 	C:\Program Files\JetBrains\PyCharm 2021.3.2\jbr\bin\VCRUNTIME140.dll
0x00007ff8ccbc0000 - 0x00007ff8ccd57000 	C:\Windows\System32\USER32.dll
0x00007ff8cc7a0000 - 0x00007ff8cc7c0000 	C:\Windows\System32\win32u.dll
0x00007ff8b6e70000 - 0x00007ff8b70e9000 	C:\Windows\WinSxS\amd64_microsoft.windows.common-controls_6595b64144ccf1df_6.0.17763.2565_none_de7373805349545e\COMCTL32.dll
0x00007ff8cdec0000 - 0x00007ff8cdee9000 	C:\Windows\System32\GDI32.dll
0x00007ff8cd960000 - 0x00007ff8cd9fe000 	C:\Windows\System32\msvcrt.dll
0x00007ff8cb9c0000 - 0x00007ff8cbb5c000 	C:\Windows\System32\gdi32full.dll
0x00007ff8cd3e0000 - 0x00007ff8cd70d000 	C:\Windows\System32\combase.dll
0x00007ff8cbbf0000 - 0x00007ff8cbc90000 	C:\Windows\System32\msvcp_win.dll
0x00007ff8cdbd0000 - 0x00007ff8cdced000 	C:\Windows\System32\RPCRT4.dll
0x00007ff8cbfc0000 - 0x00007ff8cc042000 	C:\Windows\System32\bcryptPrimitives.dll
0x00007ff8cd7d0000 - 0x00007ff8cd7fe000 	C:\Windows\System32\IMM32.DLL
0x00007ff8aed70000 - 0x00007ff8aee0d000 	C:\Program Files\JetBrains\PyCharm 2021.3.2\jbr\bin\msvcp140.dll
0x00007ff875d80000 - 0x00007ff8768f6000 	C:\Program Files\JetBrains\PyCharm 2021.3.2\jbr\bin\server\jvm.dll
0x00007ff8cdcf0000 - 0x00007ff8cdd97000 	C:\Windows\System32\ADVAPI32.dll
0x00007ff8cdda0000 - 0x00007ff8cde3f000 	C:\Windows\System32\sechost.dll
0x00007ff8cdf50000 - 0x00007ff8cdf58000 	C:\Windows\System32\PSAPI.DLL
0x00007ff8be9a0000 - 0x00007ff8be9a9000 	C:\Windows\SYSTEM32\WSOCK32.dll
0x00007ff8c99e0000 - 0x00007ff8c9a04000 	C:\Windows\SYSTEM32\WINMM.dll
0x00007ff8cda10000 - 0x00007ff8cda7d000 	C:\Windows\System32\WS2_32.dll
0x00007ff8c27e0000 - 0x00007ff8c27ea000 	C:\Windows\SYSTEM32\VERSION.dll
0x00007ff8c98c0000 - 0x00007ff8c98ed000 	C:\Windows\SYSTEM32\WINMMBASE.dll
0x00007ff8cc7c0000 - 0x00007ff8cc80a000 	C:\Windows\System32\cfgmgr32.dll
0x00007ff8cb910000 - 0x00007ff8cb921000 	C:\Windows\System32\kernel.appcore.dll
0x00007ff8c4f20000 - 0x00007ff8c4f31000 	C:\Program Files\JetBrains\PyCharm 2021.3.2\jbr\bin\verify.dll
0x00007ff8c4010000 - 0x00007ff8c41fd000 	C:\Windows\SYSTEM32\DBGHELP.DLL
0x00007ff8c2540000 - 0x00007ff8c256a000 	C:\Windows\SYSTEM32\dbgcore.DLL
0x00007ff8c1cc0000 - 0x00007ff8c1ce9000 	C:\Program Files\JetBrains\PyCharm 2021.3.2\jbr\bin\java.dll
0x00007ff8c9b00000 - 0x00007ff8c9b0b000 	C:\Program Files\JetBrains\PyCharm 2021.3.2\jbr\bin\jimage.dll
0x00007ff8c1ca0000 - 0x00007ff8c1cb8000 	C:\Program Files\JetBrains\PyCharm 2021.3.2\jbr\bin\zip.dll

dbghelp: loaded successfully - version: 4.0.5 - missing functions: none
symbol engine: initialized successfully - sym options: 0x614 - pdb path: .;C:\Program Files\JetBrains\PyCharm 2021.3.2\jbr\bin;C:\Windows\SYSTEM32;C:\Program Files\Avast Software\Avast;C:\Windows\WinSxS\amd64_microsoft.windows.common-controls_6595b64144ccf1df_6.0.17763.2565_none_de7373805349545e;C:\Program Files\JetBrains\PyCharm 2021.3.2\jbr\bin\server

VM Arguments:
java_command: git4idea.http.GitAskPassApp Username for 'https://github.com': 
java_class_path (initial): C:/Program Files/JetBrains/PyCharm 2021.3.2/plugins/git4idea/lib/git4idea-rt.jar;C:/Program Files/JetBrains/PyCharm 2021.3.2/lib/3rd-party.jar;C:/Program Files/JetBrains/PyCharm 2021.3.2/lib/3rd-party-rt.jar
Launcher Type: SUN_STANDARD

[Global flags]
     intx CICompilerCount                          = 4                                         {product} {ergonomic}
     uint ConcGCThreads                            = 2                                         {product} {ergonomic}
     uint G1ConcRefinementThreads                  = 8                                         {product} {ergonomic}
   size_t G1HeapRegionSize                         = 1048576                                   {product} {ergonomic}
    uintx GCDrainStackTargetSize                   = 64                                        {product} {ergonomic}
   size_t InitialHeapSize                          = 134217728                                 {product} {ergonomic}
   size_t MarkStackSize                            = 4194304                                   {product} {ergonomic}
   size_t MaxHeapSize                              = 2116026368                                {product} {ergonomic}
   size_t MinHeapDeltaBytes                        = 1048576                                   {product} {ergonomic}
    uintx NonNMethodCodeHeapSize                   = 5836300                                {pd product} {ergonomic}
    uintx NonProfiledCodeHeapSize                  = 122910970                              {pd product} {ergonomic}
    uintx ProfiledCodeHeapSize                     = 122910970                              {pd product} {ergonomic}
    uintx ReservedCodeCacheSize                    = 251658240                              {pd product} {ergonomic}
     bool SegmentedCodeCache                       = true                                      {product} {ergonomic}
     bool UseCompressedClassPointers               = true                                 {lp64_product} {ergonomic}
     bool UseCompressedOops                        = true                                 {lp64_product} {ergonomic}
     bool UseG1GC                                  = true                                      {product} {ergonomic}
     bool UseLargePagesIndividualAllocation        = false                                  {pd product} {ergonomic}

Logging:
Log output configuration:
 #0: stdout all=warning uptime,level,tags
 #1: stderr all=off uptime,level,tags

Environment Variables:
PATH=C:\Program Files\Git\mingw64\libexec\git-core;C:\Program Files\Git\mingw64\libexec\git-core;C:\Program Files\Git\mingw64\bin;C:\Program Files\Git\usr\bin;C:\Users\Андрей\bin;C:\Users\¦Р¦-¦+TА¦¦¦¦\PycharmProjects\hw16\venv\Scripts;C:\Windows\system32;C:\Windows;C:\Windows\System32\Wbem;C:\Windows\System32\WindowsPowerShell\v1.0;C:\Windows\System32\OpenSSH;C:\Program Files (x86)\Intel\OpenCL SDK\2.0\bin\x86;C:\Program Files (x86)\Intel\OpenCL SDK\2.0\bin\x64;C:\Program Files (x86)\Intel\OpenCL SDK\2.0\bin\x86;C:\Program Files (x86)\Intel\OpenCL SDK\2.0\bin\x64;C:\Program Files\Git\cmd;C:\Users\Андрей\AppData\Local\Programs\Python\Python310\Scripts;C:\Users\Андрей\AppData\Local\Programs\Python\Python310;C:\Users\Андрей\AppData\Local\Microsoft\WindowsApps;C:\Users\Андрей\AppData\Local\Programs\Microsoft VS Code\bin;C:\Program Files\JetBrains\PyCharm Community Edition 2020.3.3\bin;C:\Users\Андрей\AppData\Local\atom\bin;C:\Program Files\JetBrains\PyCharm Community Edition 2021.2.2\bin;C:\Program Files\JetBrains\PyCharm 2021.3.2\bin
USERNAME=Андрей
DISPLAY=:0.0
LC_ALL=en_US.UTF-8
OS=Windows_NT
PROCESSOR_IDENTIFIER=Intel64 Family 6 Model 58 Stepping 9, GenuineIntel



---------------  S Y S T E M  ---------------

OS: Windows 10 , 64 bit Build 17763 (10.0.17763.2452)
OS uptime: 1 days 0:54 hours

CPU:total 8 (initial active 8) (4 cores per cpu, 2 threads per core) family 6 model 58 stepping 9 microcode 0x21, cmov, cx8, fxsr, mmx, sse, sse2, sse3, ssse3, sse4.1, sse4.2, popcnt, avx, aes, clmul, erms, ht, tsc, tscinvbit, tscinv

Memory: 4k page, system-wide physical 8071M (1714M free)
TotalPageFile size 8871M (AvailPageFile size 71M)
current process WorkingSet (physical memory assigned to process): 10M, peak: 10M
current process commit charge ("private bytes"): 60M, peak: 188M

vm_info: OpenJDK 64-Bit Server VM (11.0.13+7-b1751.25) for windows-amd64 JRE (11.0.13+7-b1751.25), built on Jan 13 2022 20:47:27 by "" with MS VC++ 14.0 (VS2015)

END.
